2025-04-11 18:18:00 | DEBUG | repo=course-sys-int-systems-exam | action=commit
2025-12-04 20:24:00 | WARN | repo=course-sys-int-systems-exam | action=commit
2025-07-19 12:55:00 | INFO | repo=course-sys-int-systems-exam | action=edit | files=1
2025-08-21 12:19:00 | INFO | repo=course-sys-int-systems-exam | action=commit
2025-06-26 19:37:00 | INFO | repo=course-sys-int-systems-exam | action=commit
2025-09-17 13:40:00 | INFO | repo=course-sys-int-systems-exam | action=test | passed=true
2025-12-08 10:26:00 | DEBUG | repo=course-sys-int-systems-exam | action=commit
2025-12-17 11:04:00 | INFO | repo=course-sys-int-systems-exam | action=commit
2025-05-12 19:30:00 | DEBUG | repo=course-sys-int-systems-exam | action=commit
2025-04-25 11:47:00 | WARN | repo=course-sys-int-systems-exam | action=commit
2025-11-26 07:00:00 | DEBUG | repo=course-sys-int-systems-exam | action=commit
2025-01-19 18:39:00 | INFO | repo=course-sys-int-systems-exam | action=edit | files=2
2025-11-03 21:47:00 | DEBUG | repo=course-sys-int-systems-exam | action=commit
2025-03-07 17:36:00 | INFO | repo=course-sys-int-systems-exam | action=pull
2025-01-07 18:38:00 | DEBUG | repo=course-sys-int-systems-exam | action=commit
2025-09-25 19:38:00 | WARN | repo=course-sys-int-systems-exam | action=commit
2025-10-10 12:47:00 | DEBUG | repo=course-sys-int-systems-exam | action=commit
2025-02-18 12:46:00 | DEBUG | repo=course-sys-int-systems-exam | action=test | passed=true
2025-04-01 09:39:00 | WARN | repo=course-sys-int-systems-exam | action=edit | files=2
2025-04-24 11:05:00 | DEBUG | repo=course-sys-int-systems-exam | action=commit
2025-09-01 14:43:00 | WARN | repo=course-sys-int-systems-exam | action=test | passed=true
2025-07-09 18:48:00 | WARN | repo=course-sys-int-systems-exam | action=pull
2025-03-13 20:33:00 | WARN | repo=course-sys-int-systems-exam | action=commit
2025-04-19 12:44:00 | DEBUG | repo=course-sys-int-systems-exam | action=commit
2025-06-22 08:34:00 | DEBUG | repo=course-sys-int-systems-exam | action=commit
2025-03-12 08:33:00 | INFO | repo=course-sys-int-systems-exam | action=commit
2025-04-08 08:17:00 | INFO | repo=course-sys-int-systems-exam | action=edit | files=4
2025-03-20 08:04:00 | DEBUG | repo=course-sys-int-systems-exam | action=commit
2025-01-28 10:13:00 | WARN | repo=course-sys-int-systems-exam | action=commit
2025-11-17 14:31:00 | WARN | repo=course-sys-int-systems-exam | action=commit
2025-01-17 12:59:00 | DEBUG | repo=course-sys-int-systems-exam | action=commit
2025-09-09 19:23:00 | DEBUG | repo=course-sys-int-systems-exam | action=commit
2025-02-07 08:37:00 | WARN | repo=course-sys-int-systems-exam | action=commit
2025-05-11 16:18:00 | INFO | repo=course-sys-int-systems-exam | action=commit
2025-07-17 18:16:00 | INFO | repo=course-sys-int-systems-exam | action=edit | files=1
2025-12-22 15:43:00 | INFO | repo=course-sys-int-systems-exam | action=commit
2025-06-21 09:58:00 | INFO | repo=course-sys-int-systems-exam | action=commit
2025-10-23 21:35:00 | INFO | repo=course-sys-int-systems-exam | action=pull
2025-01-03 12:00:00 | INFO | repo=course-sys-int-systems-exam | action=commit
2025-07-05 18:50:00 | WARN | repo=course-sys-int-systems-exam | action=commit
2025-06-05 17:24:00 | DEBUG | repo=course-sys-int-systems-exam | action=commit
2025-02-24 20:10:00 | INFO | repo=course-sys-int-systems-exam | action=commit
2025-01-22 19:15:00 | DEBUG | repo=course-sys-int-systems-exam | action=commit
2025-08-23 16:02:00 | INFO | repo=course-sys-int-systems-exam | action=commit
2025-07-26 09:18:00 | WARN | repo=course-sys-int-systems-exam | action=commit
2025-12-23 17:20:00 | DEBUG | repo=course-sys-int-systems-exam | action=commit
2025-09-17 14:14:00 | WARN | repo=course-sys-int-systems-exam | action=commit
2025-01-17 07:56:00 | DEBUG | repo=course-sys-int-systems-exam | action=commit
2025-02-25 07:06:00 | INFO | repo=course-sys-int-systems-exam | action=commit
2025-07-03 17:15:00 | INFO | repo=course-sys-int-systems-exam | action=commit
2025-05-25 20:12:00 | WARN | repo=course-sys-int-systems-exam | action=commit
2025-06-09 21:30:00 | DEBUG | repo=course-sys-int-systems-exam | action=edit | files=1
2025-07-13 07:10:00 | DEBUG | repo=course-sys-int-systems-exam | action=commit
2025-09-21 16:56:00 | WARN | repo=course-sys-int-systems-exam | action=commit
2025-03-10 19:39:00 | WARN | repo=course-sys-int-systems-exam | action=test | passed=true
2025-10-01 10:20:00 | WARN | repo=course-sys-int-systems-exam | action=pull
2025-11-11 21:51:00 | WARN | repo=course-sys-int-systems-exam | action=commit
2025-01-01 17:18:00 | INFO | repo=course-sys-int-systems-exam | action=commit
2025-02-10 08:06:00 | DEBUG | repo=course-sys-int-systems-exam | action=commit
2025-05-09 08:04:00 | DEBUG | repo=course-sys-int-systems-exam | action=commit
2025-09-22 14:53:00 | DEBUG | repo=course-sys-int-systems-exam | action=commit
2025-04-09 14:26:00 | WARN | repo=course-sys-int-systems-exam | action=edit | files=3
2025-11-18 21:58:00 | DEBUG | repo=course-sys-int-systems-exam | action=commit
2025-04-18 08:47:00 | DEBUG | repo=course-sys-int-systems-exam | action=commit
2025-12-02 15:38:00 | DEBUG | repo=course-sys-int-systems-exam | action=commit
2025-05-22 14:07:00 | DEBUG | repo=course-sys-int-systems-exam | action=pull
2025-07-11 18:52:00 | DEBUG | repo=course-sys-int-systems-exam | action=commit
2025-05-08 07:54:00 | WARN | repo=course-sys-int-systems-exam | action=commit
2025-04-19 20:38:00 | WARN | repo=course-sys-int-systems-exam | action=commit
2025-02-01 15:02:00 | DEBUG | repo=course-sys-int-systems-exam | action=commit
2025-02-13 11:51:00 | WARN | repo=course-sys-int-systems-exam | action=commit
2025-10-24 21:50:00 | WARN | repo=course-sys-int-systems-exam | action=commit
2025-07-15 18:21:00 | INFO | repo=course-sys-int-systems-exam | action=commit
2025-11-18 11:07:00 | DEBUG | repo=course-sys-int-systems-exam | action=commit
2025-07-09 16:44:00 | INFO | repo=course-sys-int-systems-exam | action=commit
